Base path: '/Applications/Unity/Hub/Editor/2019.4.29f1/Unity.app/Contents', plugins path '/Applications/Unity/Hub/Editor/2019.4.29f1/PlaybackEngines'
Cmd: initializeCompiler
Cmd: compileComputeKernel
  api=14 insize=18337 outsize=9678 ok=1
Cmd: translateComputeKernel
  api=14 insize=9375 outsize=16177 ok=1
Cmd: compileComputeKernel
  api=14 insize=1562 outsize=1795 ok=1
Cmd: translateComputeKernel
  api=14 insize=1795 outsize=2333 ok=1
Cmd: translateComputeKernel
  api=14 insize=11289 outsize=22342 ok=1
Cmd: compileComputeKernel
  api=14 insize=18337 outsize=11447 ok=1
Cmd: translateComputeKernel
  api=14 insize=11282 outsize=24784 ok=1
Cmd: compileComputeKernel
  api=14 insize=5017 outsize=7304 ok=1
Cmd: compileComputeKernel
  api=14 insize=3246 outsize=815 ok=1
Cmd: shutdown

Quitting shader compiler process
