Base path: '/Applications/Unity/Hub/Editor/2019.4.29f1/Unity.app/Contents', plugins path '/Applications/Unity/Hub/Editor/2019.4.29f1/PlaybackEngines'
Cmd: initializeCompiler
Cmd: preprocessCompute
  insize=18315 outsize=18337 ok=1
Cmd: preprocessCompute
  insize=1224 outsize=1230 ok=1
Cmd: preprocessCompute
  insize=1556 outsize=1562 ok=1
Cmd: preprocessCompute
  insize=5009 outsize=5017 ok=1
Cmd: preprocessCompute
  insize=1908 outsize=1914 ok=1
Cmd: preprocessCompute
  insize=3184 outsize=3190 ok=1
Cmd: preprocessCompute
  insize=10925 outsize=10935 ok=1
Cmd: preprocessCompute
  insize=2092 outsize=2098 ok=1
Cmd: preprocessCompute
  insize=2161 outsize=2167 ok=1
Cmd: preprocessCompute
  insize=3444 outsize=3450 ok=1
Cmd: preprocessCompute
  insize=3240 outsize=3246 ok=1
Cmd: preprocessCompute
  insize=5485 outsize=5489 ok=1
Cmd: preprocessCompute
  insize=18315 outsize=18337 ok=1
Cmd: preprocessCompute
  insize=1224 outsize=1230 ok=1
Cmd: preprocessCompute
  insize=1556 outsize=1562 ok=1
Cmd: preprocessCompute
  insize=5009 outsize=5017 ok=1
Cmd: preprocessCompute
  insize=1908 outsize=1914 ok=1
Cmd: preprocessCompute
  insize=3184 outsize=3190 ok=1
Cmd: preprocessCompute
  insize=10925 outsize=10935 ok=1
Cmd: preprocessCompute
  insize=2092 outsize=2098 ok=1
Cmd: preprocessCompute
  insize=2161 outsize=2167 ok=1
Cmd: preprocessCompute
  insize=3444 outsize=3450 ok=1
Cmd: preprocessCompute
  insize=3240 outsize=3246 ok=1
Cmd: preprocessCompute
  insize=5485 outsize=5489 ok=1
Cmd: preprocessCompute
  insize=18315 outsize=18337 ok=1
Cmd: preprocessCompute
  insize=1224 outsize=1230 ok=1
Cmd: preprocessCompute
  insize=1556 outsize=1562 ok=1
Cmd: preprocessCompute
  insize=5009 outsize=5017 ok=1
Cmd: preprocessCompute
  insize=1908 outsize=1914 ok=1
Cmd: preprocessCompute
  insize=3184 outsize=3190 ok=1
Cmd: preprocessCompute
  insize=10925 outsize=10935 ok=1
Cmd: preprocessCompute
  insize=2092 outsize=2098 ok=1
Cmd: preprocessCompute
  insize=2161 outsize=2167 ok=1
Cmd: preprocessCompute
  insize=3444 outsize=3450 ok=1
Cmd: preprocessCompute
  insize=3240 outsize=3246 ok=1
Cmd: preprocessCompute
  insize=5485 outsize=5489 ok=1
Cmd: preprocessCompute
  insize=18315 outsize=18337 ok=1
Cmd: preprocessCompute
  insize=1224 outsize=1230 ok=1
Cmd: preprocessCompute
  insize=1556 outsize=1562 ok=1
Cmd: preprocessCompute
  insize=5009 outsize=5017 ok=1
Cmd: preprocessCompute
  insize=1908 outsize=1914 ok=1
Cmd: preprocessCompute
  insize=3184 outsize=3190 ok=1
Cmd: preprocessCompute
  insize=10925 outsize=10935 ok=1
Cmd: preprocessCompute
  insize=2092 outsize=2098 ok=1
Cmd: preprocessCompute
  insize=2161 outsize=2167 ok=1
Cmd: preprocessCompute
  insize=3444 outsize=3450 ok=1
Cmd: preprocessCompute
  insize=3240 outsize=3246 ok=1
Cmd: preprocessCompute
  insize=5485 outsize=5489 ok=1
Cmd: preprocessCompute
  insize=18315 outsize=18337 ok=1
Cmd: preprocessCompute
  insize=1224 outsize=1230 ok=1
Cmd: preprocessCompute
  insize=1556 outsize=1562 ok=1
Cmd: preprocessCompute
  insize=5009 outsize=5017 ok=1
Cmd: preprocessCompute
  insize=1908 outsize=1914 ok=1
Cmd: preprocessCompute
  insize=3184 outsize=3190 ok=1
Cmd: preprocessCompute
  insize=10925 outsize=10935 ok=1
Cmd: preprocessCompute
  insize=2092 outsize=2098 ok=1
Cmd: preprocessCompute
  insize=2161 outsize=2167 ok=1
Cmd: preprocessCompute
  insize=3444 outsize=3450 ok=1
Cmd: preprocessCompute
  insize=3240 outsize=3246 ok=1
Cmd: preprocessCompute
  insize=5485 outsize=5489 ok=1
Cmd: compileSnippet
  api=14 type=0 insize=1072 outsize=5153 kw=UNITY_PASS_SHADOWCASTER SHADOWS_DEPTH PROCEDURAL_INSTANCING_ON pd=UNITY_ENABLE_REFLECTION_BUFFERS UNITY_USE_DITHER_MASK_FOR_ALPHABLENDED_SHADOWS UNITY_PBS_USE_BRDF1 UNITY_SPECCUBE_BOX_PROJECTION UNITY_SPECCUBE_BLENDING UNITY_ENABLE_DETAIL_NORMALMAP SHADER_API_DESKTOP UNITY_COLORSPACE_GAMMA UNITY_LIGHT_PROBE_PROXY_VOLUME UNITY_LIGHTMAP_FULL_HDR ok=1
Cmd: compileSnippet
  api=14 type=1 insize=1072 outsize=539 kw=UNITY_PASS_SHADOWCASTER SHADOWS_DEPTH PROCEDURAL_INSTANCING_ON pd=UNITY_ENABLE_REFLECTION_BUFFERS UNITY_USE_DITHER_MASK_FOR_ALPHABLENDED_SHADOWS UNITY_PBS_USE_BRDF1 UNITY_SPECCUBE_BOX_PROJECTION UNITY_SPECCUBE_BLENDING UNITY_ENABLE_DETAIL_NORMALMAP SHADER_API_DESKTOP UNITY_COLORSPACE_GAMMA UNITY_LIGHT_PROBE_PROXY_VOLUME UNITY_LIGHTMAP_FULL_HDR ok=1
Cmd: compileSnippet
  api=14 type=0 insize=41032007 outsize=3004 kw=UNITY_PASS_FORWARDBASE DIRECTIONAL LIGHTPROBE_SH pd=UNITY_ENABLE_REFLECTION_BUFFERS UNITY_USE_DITHER_MASK_FOR_ALPHABLENDED_SHADOWS UNITY_PBS_USE_BRDF1 UNITY_SPECCUBE_BOX_PROJECTION UNITY_SPECCUBE_BLENDING UNITY_ENABLE_DETAIL_NORMALMAP SHADER_API_DESKTOP UNITY_COLORSPACE_GAMMA UNITY_LIGHT_PROBE_PROXY_VOLUME UNITY_LIGHTMAP_FULL_HDR ok=1
Cmd: compileSnippet
  api=14 type=1 insize=41032007 outsize=13942 kw=UNITY_PASS_FORWARDBASE DIRECTIONAL LIGHTPROBE_SH pd=UNITY_ENABLE_REFLECTION_BUFFERS UNITY_USE_DITHER_MASK_FOR_ALPHABLENDED_SHADOWS UNITY_PBS_USE_BRDF1 UNITY_SPECCUBE_BOX_PROJECTION UNITY_SPECCUBE_BLENDING UNITY_ENABLE_DETAIL_NORMALMAP SHADER_API_DESKTOP UNITY_COLORSPACE_GAMMA UNITY_LIGHT_PROBE_PROXY_VOLUME UNITY_LIGHTMAP_FULL_HDR ok=1
Cmd: compileSnippet
  api=14 type=0 insize=731 outsize=1755 kw= pd=UNITY_ENABLE_REFLECTION_BUFFERS UNITY_USE_DITHER_MASK_FOR_ALPHABLENDED_SHADOWS UNITY_PBS_USE_BRDF1 UNITY_SPECCUBE_BOX_PROJECTION UNITY_SPECCUBE_BLENDING UNITY_ENABLE_DETAIL_NORMALMAP SHADER_API_DESKTOP UNITY_COLORSPACE_GAMMA UNITY_LIGHT_PROBE_PROXY_VOLUME UNITY_LIGHTMAP_FULL_HDR ok=1
Cmd: compileSnippet
  api=14 type=1 insize=731 outsize=969 kw= pd=UNITY_ENABLE_REFLECTION_BUFFERS UNITY_USE_DITHER_MASK_FOR_ALPHABLENDED_SHADOWS UNITY_PBS_USE_BRDF1 UNITY_SPECCUBE_BOX_PROJECTION UNITY_SPECCUBE_BLENDING UNITY_ENABLE_DETAIL_NORMALMAP SHADER_API_DESKTOP UNITY_COLORSPACE_GAMMA UNITY_LIGHT_PROBE_PROXY_VOLUME UNITY_LIGHTMAP_FULL_HDR ok=1
Cmd: shutdown
